
                                      ARENA Simulation Results
                               nturko.03@gmail.com - License: STUDENT

                                  Summary for Replication 1 of 1

Project: Unnamed Project                                             Run execution date : 1/ 9/2021
Analyst: nturko.03@gmail.com                                         Model revision date: 1/ 9/2021

Replication ended at time      : 10.0 Hours 
Base Time Units: Hours

                                           TALLY VARIABLES

Identifier                                  Average   Half Width  Minimum    Maximum   Observations
___________________________________________________________________________________________________

Task1.VATime                                2.8166     (Insuf)    .49957     4.5627          7    
Task1.NVATime                               .00000     (Insuf)    .00000     .00000          7    
Task1.WaitTime                              .00000     (Insuf)    .00000     .00000          7    
Task1.TranTime                              .00000     (Insuf)    .00000     .00000          7    
Task1.OtherTime                             .00000     (Insuf)    .00000     .00000          7    
Task1.TotalTime                             2.8166     (Insuf)    .49957     4.5627          7    
Machine4.Queue.WaitingTime                  .00000     (Insuf)    .00000     .00000          2    
Machine2.Queue.WaitingTime                  .00000     (Insuf)    .00000     .00000          3    
Machine5.Queue.WaitingTime                  .00000     (Insuf)    .00000     .00000          2    
Machine3.Queue.WaitingTime                  .00000     (Insuf)    .00000     .00000          2    
Machine1.Queue.WaitingTime                  .00000     (Insuf)    .00000     .00000          3    

                                     DISCRETE-CHANGE VARIABLES

Identifier                                  Average   Half Width  Minimum    Maximum   Final Value
___________________________________________________________________________________________________

Task1.WIP                                   17.571     (Insuf)    .00000     37.000     37.000    
Resource 4.NumberBusy                       .92407     (Insuf)    .00000     1.0000     1.0000    
Resource 4.NumberScheduled                  1.0000     (Insuf)    1.0000     1.0000     1.0000    
Resource 4.Utilization                      .92407     (Insuf)    .00000     1.0000     1.0000    
Resource 5.NumberBusy                       .85627     (Insuf)    .00000     1.0000     1.0000    
Resource 5.NumberScheduled                  1.0000     (Insuf)    1.0000     1.0000     1.0000    
Resource 5.Utilization                      .85627     (Insuf)    .00000     1.0000     1.0000    
Resource 3.NumberBusy                       .90809     (Insuf)    .00000     1.0000     1.0000    
Resource 3.NumberScheduled                  1.0000     (Insuf)    1.0000     1.0000     1.0000    
Resource 3.Utilization                      .90809     (Insuf)    .00000     1.0000     1.0000    
Resource 2.NumberBusy                       .89480     (Insuf)    .00000     1.0000     1.0000    
Resource 2.NumberScheduled                  1.0000     (Insuf)    1.0000     1.0000     1.0000    
Resource 2.Utilization                      .89480     (Insuf)    .00000     1.0000     1.0000    
Resource 1.NumberBusy                       .88842     (Insuf)    .00000     1.0000     1.0000    
Resource 1.NumberScheduled                  1.0000     (Insuf)    1.0000     1.0000     1.0000    
Resource 1.Utilization                      .88842     (Insuf)    .00000     1.0000     1.0000    
Machine4.Queue.NumberInQueue                .00000     (Insuf)    .00000     .00000     .00000    
Machine2.Queue.NumberInQueue                .00000     (Insuf)    .00000     .00000     .00000    
Machine5.Queue.NumberInQueue                .00000     (Insuf)    .00000     .00000     .00000    
Machine3.Queue.NumberInQueue                .00000     (Insuf)    .00000     .00000     .00000    
Machine1.Queue.NumberInQueue                .00000     (Insuf)    .00000     .00000     .00000    

                                             OUTPUTS

Identifier                                   Value
_____________________________________________________________

Task1.NumberIn                              44.000    
Task1.NumberOut                             7.0000    
Resource 4.NumberSeized                     2.0000    
Resource 4.ScheduledUtilization             .92407    
Resource 5.NumberSeized                     2.0000    
Resource 5.ScheduledUtilization             .85627    
Resource 3.NumberSeized                     2.0000    
Resource 3.ScheduledUtilization             .90809    
Resource 2.NumberSeized                     3.0000    
Resource 2.ScheduledUtilization             .89480    
Resource 1.NumberSeized                     3.0000    
Resource 1.ScheduledUtilization             .88842    
System.NumberOut                            7.0000    


Simulation run time: 0.02 minutes.
Simulation run complete.
